build/app/intermediates/manifest_merge_blame_file/debug/manifest-merger-blame-debug-report.txt
1<?xml version="1.0" encoding="utf-8"?>
2<manifest xmlns:android="http://schemas.android.com/apk/res/android"
3    package="com.example.backendapp"
4    android:versionCode="1"
5    android:versionName="1.0.0" >
6
7    <uses-sdk
8        android:minSdkVersion="21"
9        android:targetSdkVersion="33" />
10    <!--
11         The INTERNET permission is required for development. Specifically,
12         the Flutter tool needs it to communicate with the running application
13         to allow setting breakpoints, to provide hot reload, etc.
14    -->
15    <uses-permission android:name="android.permission.INTERNET" />
15-->src\main\AndroidManifest.xml:5:5-66
15-->src\main\AndroidManifest.xml:5:22-64
16    <uses-permission android:name="android.permission.ACCESS_FINE_LOCATION" />
16-->src\main\AndroidManifest.xml:3:5-78
16-->src\main\AndroidManifest.xml:3:22-76
17    <uses-permission android:name="android.permission.ACCESS_COARSE_LOCATION" />
17-->src\main\AndroidManifest.xml:4:5-81
17-->src\main\AndroidManifest.xml:4:22-78
18    <uses-permission android:name="android.permission.WRITE_EXTERNAL_STORAGE" />
18-->src\main\AndroidManifest.xml:6:5-80
18-->src\main\AndroidManifest.xml:6:22-78
19    <uses-permission android:name="android.permission.READ_EXTERNAL_STORAGE" />
19-->src\main\AndroidManifest.xml:7:5-79
19-->src\main\AndroidManifest.xml:7:22-77
20    <uses-permission android:name="android.permission.CAMERA" /> <!-- Include required permissions for Google Maps API to run. -->
20-->src\main\AndroidManifest.xml:8:5-64
20-->src\main\AndroidManifest.xml:8:22-62
21    <uses-permission android:name="android.permission.ACCESS_NETWORK_STATE" />
21-->[com.google.android.gms:play-services-maps:18.2.0] AndroidManifest.xml:23:5-79
21-->[com.google.android.gms:play-services-maps:18.2.0] AndroidManifest.xml:23:22-76
22
23    <uses-feature
23-->[com.google.android.gms:play-services-maps:18.2.0] AndroidManifest.xml:26:5-28:35
24        android:glEsVersion="0x00020000"
24-->[com.google.android.gms:play-services-maps:18.2.0] AndroidManifest.xml:27:9-41
25        android:required="true" />
25-->[com.google.android.gms:play-services-maps:18.2.0] AndroidManifest.xml:28:9-32
26
27    <queries>
27-->[com.google.android.gms:play-services-maps:18.2.0] AndroidManifest.xml:30:5-34:15
28
29        <!-- Needs to be explicitly declared on Android R+ -->
30        <package android:name="com.google.android.apps.maps" />
30-->[com.google.android.gms:play-services-maps:18.2.0] AndroidManifest.xml:33:9-64
30-->[com.google.android.gms:play-services-maps:18.2.0] AndroidManifest.xml:33:18-61
31    </queries>
32
33    <permission
33-->[androidx.core:core:1.10.1] AndroidManifest.xml:22:5-24:47
34        android:name="com.example.backendapp.DYNAMIC_RECEIVER_NOT_EXPORTED_PERMISSION"
34-->[androidx.core:core:1.10.1] AndroidManifest.xml:23:9-81
35        android:protectionLevel="signature" />
35-->[androidx.core:core:1.10.1] AndroidManifest.xml:24:9-44
36
37    <uses-permission android:name="com.example.backendapp.DYNAMIC_RECEIVER_NOT_EXPORTED_PERMISSION" />
37-->[androidx.core:core:1.10.1] AndroidManifest.xml:26:5-97
37-->[androidx.core:core:1.10.1] AndroidManifest.xml:26:22-94
38
39    <application
40        android:name="android.app.Application"
41        android:appComponentFactory="androidx.core.app.CoreComponentFactory"
41-->[androidx.core:core:1.10.1] AndroidManifest.xml:28:18-86
42        android:debuggable="true"
43        android:icon="@mipmap/ic_launcher"
44        android:label="backendapp" >
45        <activity
46            android:name="com.example.backendapp.MainActivity"
47            android:configChanges="orientation|keyboardHidden|keyboard|screenSize|smallestScreenSize|locale|layoutDirection|fontScale|screenLayout|density|uiMode"
48            android:exported="true"
49            android:hardwareAccelerated="true"
50            android:launchMode="singleTop"
51            android:theme="@style/LaunchTheme"
52            android:windowSoftInputMode="adjustResize" >
53
54            <!--
55                 Specifies an Android theme to apply to this Activity as soon as
56                 the Android process has started. This theme is visible to the user
57                 while the Flutter UI initializes. After that, this theme continues
58                 to determine the Window background behind the Flutter UI.
59            -->
60            <meta-data
61                android:name="io.flutter.embedding.android.NormalTheme"
62                android:resource="@style/NormalTheme" />
63
64            <intent-filter>
65                <action android:name="android.intent.action.MAIN" />
66
67                <category android:name="android.intent.category.LAUNCHER" />
68            </intent-filter>
69        </activity>
70        <!--
71             Don't delete the meta-data below.
72             This is used by the Flutter tool to generate GeneratedPluginRegistrant.java
73        -->
74        <meta-data
75            android:name="flutterEmbedding"
76            android:value="2" />
77        <meta-data
78            android:name="com.google.android.geo.API_KEY"
79            android:value="AIzaSyBIp8U5x3b2GVj1cjNU3N6funOz_tEUAdk" />
80
81        <provider
81-->[:image_picker_android] AndroidManifest.xml:10:9-18:20
82            android:name="io.flutter.plugins.imagepicker.ImagePickerFileProvider"
82-->[:image_picker_android] AndroidManifest.xml:11:13-82
83            android:authorities="com.example.backendapp.flutter.image_provider"
83-->[:image_picker_android] AndroidManifest.xml:12:13-74
84            android:exported="false"
84-->[:image_picker_android] AndroidManifest.xml:13:13-37
85            android:grantUriPermissions="true" >
85-->[:image_picker_android] AndroidManifest.xml:14:13-47
86            <meta-data
86-->[:image_picker_android] AndroidManifest.xml:15:13-17:75
87                android:name="android.support.FILE_PROVIDER_PATHS"
87-->[:image_picker_android] AndroidManifest.xml:16:17-67
88                android:resource="@xml/flutter_image_picker_file_paths" />
88-->[:image_picker_android] AndroidManifest.xml:17:17-72
89        </provider>
90
91        <service
91-->[:location] AndroidManifest.xml:13:9-17:56
92            android:name="com.lyokone.location.FlutterLocationService"
92-->[:location] AndroidManifest.xml:14:13-71
93            android:enabled="true"
93-->[:location] AndroidManifest.xml:15:13-35
94            android:exported="false"
94-->[:location] AndroidManifest.xml:16:13-37
95            android:foregroundServiceType="location" /> <!-- Needs to be explicitly declared on P+ -->
95-->[:location] AndroidManifest.xml:17:13-53
96        <uses-library
96-->[com.google.android.gms:play-services-maps:18.2.0] AndroidManifest.xml:39:9-41:40
97            android:name="org.apache.http.legacy"
97-->[com.google.android.gms:play-services-maps:18.2.0] AndroidManifest.xml:40:13-50
98            android:required="false" />
98-->[com.google.android.gms:play-services-maps:18.2.0] AndroidManifest.xml:41:13-37
99
100        <activity
100-->[com.google.android.gms:play-services-base:18.0.1] AndroidManifest.xml:20:9-22:45
101            android:name="com.google.android.gms.common.api.GoogleApiActivity"
101-->[com.google.android.gms:play-services-base:18.0.1] AndroidManifest.xml:20:19-85
102            android:exported="false"
102-->[com.google.android.gms:play-services-base:18.0.1] AndroidManifest.xml:22:19-43
103            android:theme="@android:style/Theme.Translucent.NoTitleBar" />
103-->[com.google.android.gms:play-services-base:18.0.1] AndroidManifest.xml:21:19-78
104
105        <meta-data
105-->[com.google.android.gms:play-services-basement:18.0.0] AndroidManifest.xml:21:9-23:69
106            android:name="com.google.android.gms.version"
106-->[com.google.android.gms:play-services-basement:18.0.0] AndroidManifest.xml:22:13-58
107            android:value="@integer/google_play_services_version" />
107-->[com.google.android.gms:play-services-basement:18.0.0] AndroidManifest.xml:23:13-66
108
109        <uses-library
109-->[androidx.window:window:1.0.0-beta04] AndroidManifest.xml:25:9-27:40
110            android:name="androidx.window.extensions"
110-->[androidx.window:window:1.0.0-beta04] AndroidManifest.xml:26:13-54
111            android:required="false" />
111-->[androidx.window:window:1.0.0-beta04] AndroidManifest.xml:27:13-37
112        <uses-library
112-->[androidx.window:window:1.0.0-beta04] AndroidManifest.xml:28:9-30:40
113            android:name="androidx.window.sidecar"
113-->[androidx.window:window:1.0.0-beta04] AndroidManifest.xml:29:13-51
114            android:required="false" />
114-->[androidx.window:window:1.0.0-beta04] AndroidManifest.xml:30:13-37
115
116        <provider
116-->[androidx.profileinstaller:profileinstaller:1.3.0] AndroidManifest.xml:24:9-32:20
117            android:name="androidx.startup.InitializationProvider"
117-->[androidx.profileinstaller:profileinstaller:1.3.0] AndroidManifest.xml:25:13-67
118            android:authorities="com.example.backendapp.androidx-startup"
118-->[androidx.profileinstaller:profileinstaller:1.3.0] AndroidManifest.xml:26:13-68
119            android:exported="false" >
119-->[androidx.profileinstaller:profileinstaller:1.3.0] AndroidManifest.xml:27:13-37
120            <meta-data
120-->[androidx.profileinstaller:profileinstaller:1.3.0] AndroidManifest.xml:29:13-31:52
121                android:name="androidx.profileinstaller.ProfileInstallerInitializer"
121-->[androidx.profileinstaller:profileinstaller:1.3.0] AndroidManifest.xml:30:17-85
122                android:value="androidx.startup" />
122-->[androidx.profileinstaller:profileinstaller:1.3.0] AndroidManifest.xml:31:17-49
123        </provider>
124
125        <receiver
125-->[androidx.profileinstaller:profileinstaller:1.3.0] AndroidManifest.xml:34:9-52:20
126            android:name="androidx.profileinstaller.ProfileInstallReceiver"
126-->[androidx.profileinstaller:profileinstaller:1.3.0] AndroidManifest.xml:35:13-76
127            android:directBootAware="false"
127-->[androidx.profileinstaller:profileinstaller:1.3.0] AndroidManifest.xml:36:13-44
128            android:enabled="true"
128-->[androidx.profileinstaller:profileinstaller:1.3.0] AndroidManifest.xml:37:13-35
129            android:exported="true"
129-->[androidx.profileinstaller:profileinstaller:1.3.0] AndroidManifest.xml:38:13-36
130            android:permission="android.permission.DUMP" >
130-->[androidx.profileinstaller:profileinstaller:1.3.0] AndroidManifest.xml:39:13-57
131            <intent-filter>
131-->[androidx.profileinstaller:profileinstaller:1.3.0] AndroidManifest.xml:40:13-42:29
132                <action android:name="androidx.profileinstaller.action.INSTALL_PROFILE" />
132-->[androidx.profileinstaller:profileinstaller:1.3.0] AndroidManifest.xml:41:17-91
132-->[androidx.profileinstaller:profileinstaller:1.3.0] AndroidManifest.xml:41:25-88
133            </intent-filter>
134            <intent-filter>
134-->[androidx.profileinstaller:profileinstaller:1.3.0] AndroidManifest.xml:43:13-45:29
135                <action android:name="androidx.profileinstaller.action.SKIP_FILE" />
135-->[androidx.profileinstaller:profileinstaller:1.3.0] AndroidManifest.xml:44:17-85
135-->[androidx.profileinstaller:profileinstaller:1.3.0] AndroidManifest.xml:44:25-82
136            </intent-filter>
137            <intent-filter>
137-->[androidx.profileinstaller:profileinstaller:1.3.0] AndroidManifest.xml:46:13-48:29
138                <action android:name="androidx.profileinstaller.action.SAVE_PROFILE" />
138-->[androidx.profileinstaller:profileinstaller:1.3.0] AndroidManifest.xml:47:17-88
138-->[androidx.profileinstaller:profileinstaller:1.3.0] AndroidManifest.xml:47:25-85
139            </intent-filter>
140            <intent-filter>
140-->[androidx.profileinstaller:profileinstaller:1.3.0] AndroidManifest.xml:49:13-51:29
141                <action android:name="androidx.profileinstaller.action.BENCHMARK_OPERATION" />
141-->[androidx.profileinstaller:profileinstaller:1.3.0] AndroidManifest.xml:50:17-95
141-->[androidx.profileinstaller:profileinstaller:1.3.0] AndroidManifest.xml:50:25-92
142            </intent-filter>
143        </receiver>
144    </application>
145
146</manifest>